<?xml version="1.0" encoding="UTF-8"?>
<!-- Generated by org.testng.reporters.JUnitReportReporter -->
<testsuite skipped="0" hostname="SUMAN" name="VehicleTest" tests="1" failures="0" timestamp="2020-07-07T07:13:55 BST" time="120.368" errors="0">
  <testcase name="VerifyVehicleDetails" time="120.368" classname="VehicleTest"/>
  <system-out/>
</testsuite> <!-- VehicleTest -->
